<?xml version="1.0" encoding="UTF-8"?>
<!-- Generated by org.testng.reporters.JUnitXMLReporter -->
<testsuite ignored="0" hostname="IN-PG02RL1R" failures="0" tests="16" name="Surefire test" time="109.957" errors="0" timestamp="2024-06-18T11:28:57 IST">
  <testcase classname="com.tutorialNinja.qa.testcases.EditAccountPageTest" name="editAccountPageTitleTest" time="0.083"/>
  <testcase classname="com.tutorialNinja.qa.testcases.EditAccountPageTest" name="editAccountPageHeadingTest" time="0.053"/>
  <testcase classname="com.tutorialNinja.qa.testcases.EditAccountPageTest" name="editAccountInfo" time="1.566"/>
  <testcase classname="com.tutorialNinja.qa.testcases.EditAccountPageTest" name="logoutFromAccnt" time="9.52"/>
  <testcase classname="com.tutorialNinja.qa.testcases.HomePageTest" name="homePageTitleTest" time="0.043"/>
  <testcase classname="com.tutorialNinja.qa.testcases.HomePageTest" name="registerPageNavigationTest" time="0.506"/>
  <testcase classname="com.tutorialNinja.qa.testcases.HomePageTest" name="loginPageNavigationTest" time="1.946"/>
  <testcase classname="com.tutorialNinja.qa.testcases.LoginPageTest" name="loginPageTitleTest" time="0.022"/>
  <testcase classname="com.tutorialNinja.qa.testcases.LoginPageTest" name="loginPageHeadingTest" time="0.058"/>
  <testcase classname="com.tutorialNinja.qa.testcases.LoginPageTest" name="loginTest" time="1.004"/>
  <testcase classname="com.tutorialNinja.qa.testcases.MyAccountPageTest" name="myAccountPageTitleTest" time="0.021"/>
  <testcase classname="com.tutorialNinja.qa.testcases.MyAccountPageTest" name="myAccountPageHeadingTest" time="0.09"/>
  <testcase classname="com.tutorialNinja.qa.testcases.MyAccountPageTest" name="editAccountPage" time="0.329"/>
  <testcase classname="com.tutorialNinja.qa.testcases.RegistrationPageTest" name="registerPageTitleTest" time="0.014"/>
  <testcase classname="com.tutorialNinja.qa.testcases.RegistrationPageTest" name="validateCreateNewAccnt" time="1.108"/>
  <testcase classname="com.tutorialNinja.qa.testcases.RegistrationPageTest" name="validateCreateNewAccnt" time="1.15"/>
</testsuite> <!-- Surefire test -->
