<?xml version="1.0" encoding="UTF-8"?>
<!-- Generated by org.testng.reporters.JUnitXMLReporter -->
<testsuite ignored="0" hostname="IN-PG02RL1R" failures="0" tests="3" name="Default test" time="10.346" errors="0" timestamp="2024-06-10T19:54:32 IST">
  <testcase classname="com.tutorialNinja.qa.testcases.LoginPageTest" name="loginPageTitleTest" time="0.088"/>
  <testcase classname="com.tutorialNinja.qa.testcases.LoginPageTest" name="loginPageHeadingTest" time="0.046"/>
  <testcase classname="com.tutorialNinja.qa.testcases.LoginPageTest" name="loginTest" time="0.553"/>
</testsuite> <!-- Default test -->
