<?xml version="1.0" encoding="UTF-8"?>
<!-- Generated by org.testng.reporters.JUnitXMLReporter -->
<testsuite ignored="0" hostname="IN-PG02RL1R" failures="0" tests="16" name="Tutotial Ninja Demo Application Test Cases" time="55.344" errors="0" timestamp="2024-06-12T17:31:04 IST">
  <testcase classname="com.tutorialNinja.qa.testcases.HomePageTest" name="homePageTitleTest" time="0.041"/>
  <testcase classname="com.tutorialNinja.qa.testcases.HomePageTest" name="registerPageNavigationTest" time="0.365"/>
  <testcase classname="com.tutorialNinja.qa.testcases.HomePageTest" name="loginPageNavigationTest" time="0.243"/>
  <testcase classname="com.tutorialNinja.qa.testcases.RegistrationPageTest" name="registerPageTitleTest" time="0.011"/>
  <testcase classname="com.tutorialNinja.qa.testcases.RegistrationPageTest" name="validateCreateNewAccnt" time="0.696"/>
  <testcase classname="com.tutorialNinja.qa.testcases.RegistrationPageTest" name="validateCreateNewAccnt" time="0.67"/>
  <testcase classname="com.tutorialNinja.qa.testcases.LoginPageTest" name="loginPageTitleTest" time="0.012"/>
  <testcase classname="com.tutorialNinja.qa.testcases.LoginPageTest" name="loginPageHeadingTest" time="0.032"/>
  <testcase classname="com.tutorialNinja.qa.testcases.LoginPageTest" name="loginTest" time="0.504"/>
  <testcase classname="com.tutorialNinja.qa.testcases.MyAccountPageTest" name="myAccountPageTitleTest" time="0.01"/>
  <testcase classname="com.tutorialNinja.qa.testcases.MyAccountPageTest" name="myAccountPageHeadingTest" time="0.027"/>
  <testcase classname="com.tutorialNinja.qa.testcases.MyAccountPageTest" name="editAccountPage" time="0.212"/>
  <testcase classname="com.tutorialNinja.qa.testcases.EditAccountPageTest" name="editAccountPageTitleTest" time="0.009"/>
  <testcase classname="com.tutorialNinja.qa.testcases.EditAccountPageTest" name="editAccountPageHeadingTest" time="0.023"/>
  <testcase classname="com.tutorialNinja.qa.testcases.EditAccountPageTest" name="editAccountInfo" time="0.545"/>
  <testcase classname="com.tutorialNinja.qa.testcases.EditAccountPageTest" name="logoutFromAccnt" time="9.331"/>
</testsuite> <!-- Tutotial Ninja Demo Application Test Cases -->
