<?xml version="1.0" encoding="UTF-8"?>
<testng-results ignored="0" total="16" passed="16" failed="0" skipped="0">
  <reporter-output>
  </reporter-output>
  <suite started-at="2024-06-18T11:27:07 IST" name="Surefire suite" finished-at="2024-06-18T11:28:57 IST" duration-ms="109957">
    <groups>
    </groups>
    <test started-at="2024-06-18T11:27:07 IST" name="Surefire test" finished-at="2024-06-18T11:28:57 IST" duration-ms="109957">
      <class name="com.tutorialNinja.qa.testcases.MyAccountPageTest">
        <test-method is-config="true" signature="setup()[pri:0, instance:com.tutorialNinja.qa.testcases.MyAccountPageTest@70fab835]" started-at="2024-06-18T11:28:27 IST" name="setup" finished-at="2024-06-18T11:28:33 IST" duration-ms="5336" status="PASS">
          <reporter-output>
          </reporter-output>
        </test-method> <!-- setup -->
        <test-method signature="myAccountPageTitleTest()[pri:1, instance:com.tutorialNinja.qa.testcases.MyAccountPageTest@70fab835]" started-at="2024-06-18T11:28:33 IST" name="myAccountPageTitleTest" finished-at="2024-06-18T11:28:33 IST" duration-ms="21" status="PASS">
          <reporter-output>
          </reporter-output>
        </test-method> <!-- myAccountPageTitleTest -->
        <test-method is-config="true" signature="tearDown()[pri:0, instance:com.tutorialNinja.qa.testcases.MyAccountPageTest@70fab835]" started-at="2024-06-18T11:28:33 IST" name="tearDown" finished-at="2024-06-18T11:28:33 IST" duration-ms="371" status="PASS">
          <reporter-output>
          </reporter-output>
        </test-method> <!-- tearDown -->
        <test-method is-config="true" signature="setup()[pri:0, instance:com.tutorialNinja.qa.testcases.MyAccountPageTest@70fab835]" started-at="2024-06-18T11:28:33 IST" name="setup" finished-at="2024-06-18T11:28:37 IST" duration-ms="4166" status="PASS">
          <reporter-output>
          </reporter-output>
        </test-method> <!-- setup -->
        <test-method signature="myAccountPageHeadingTest()[pri:2, instance:com.tutorialNinja.qa.testcases.MyAccountPageTest@70fab835]" started-at="2024-06-18T11:28:37 IST" name="myAccountPageHeadingTest" finished-at="2024-06-18T11:28:37 IST" duration-ms="90" status="PASS">
          <reporter-output>
          </reporter-output>
        </test-method> <!-- myAccountPageHeadingTest -->
        <test-method is-config="true" signature="tearDown()[pri:0, instance:com.tutorialNinja.qa.testcases.MyAccountPageTest@70fab835]" started-at="2024-06-18T11:28:37 IST" name="tearDown" finished-at="2024-06-18T11:28:38 IST" duration-ms="466" status="PASS">
          <reporter-output>
          </reporter-output>
        </test-method> <!-- tearDown -->
        <test-method is-config="true" signature="setup()[pri:0, instance:com.tutorialNinja.qa.testcases.MyAccountPageTest@70fab835]" started-at="2024-06-18T11:28:38 IST" name="setup" finished-at="2024-06-18T11:28:42 IST" duration-ms="4374" status="PASS">
          <reporter-output>
          </reporter-output>
        </test-method> <!-- setup -->
        <test-method signature="editAccountPage()[pri:3, instance:com.tutorialNinja.qa.testcases.MyAccountPageTest@70fab835]" started-at="2024-06-18T11:28:42 IST" name="editAccountPage" finished-at="2024-06-18T11:28:43 IST" duration-ms="329" status="PASS">
          <reporter-output>
          </reporter-output>
        </test-method> <!-- editAccountPage -->
        <test-method is-config="true" signature="tearDown()[pri:0, instance:com.tutorialNinja.qa.testcases.MyAccountPageTest@70fab835]" started-at="2024-06-18T11:28:43 IST" name="tearDown" finished-at="2024-06-18T11:28:43 IST" duration-ms="353" status="PASS">
          <reporter-output>
          </reporter-output>
        </test-method> <!-- tearDown -->
      </class> <!-- com.tutorialNinja.qa.testcases.MyAccountPageTest -->
      <class name="com.tutorialNinja.qa.testcases.LoginPageTest">
        <test-method is-config="true" signature="setup()[pri:0, instance:com.tutorialNinja.qa.testcases.LoginPageTest@22c86919]" started-at="2024-06-18T11:28:11 IST" name="setup" finished-at="2024-06-18T11:28:16 IST" duration-ms="4717" status="PASS">
          <reporter-output>
          </reporter-output>
        </test-method> <!-- setup -->
        <test-method signature="loginPageTitleTest()[pri:1, instance:com.tutorialNinja.qa.testcases.LoginPageTest@22c86919]" started-at="2024-06-18T11:28:16 IST" name="loginPageTitleTest" finished-at="2024-06-18T11:28:16 IST" duration-ms="22" status="PASS">
          <reporter-output>
          </reporter-output>
        </test-method> <!-- loginPageTitleTest -->
        <test-method is-config="true" signature="tearDown()[pri:0, instance:com.tutorialNinja.qa.testcases.LoginPageTest@22c86919]" started-at="2024-06-18T11:28:16 IST" name="tearDown" finished-at="2024-06-18T11:28:16 IST" duration-ms="333" status="PASS">
          <reporter-output>
          </reporter-output>
        </test-method> <!-- tearDown -->
        <test-method is-config="true" signature="setup()[pri:0, instance:com.tutorialNinja.qa.testcases.LoginPageTest@22c86919]" started-at="2024-06-18T11:28:16 IST" name="setup" finished-at="2024-06-18T11:28:20 IST" duration-ms="3855" status="PASS">
          <reporter-output>
          </reporter-output>
        </test-method> <!-- setup -->
        <test-method signature="loginPageHeadingTest()[pri:2, instance:com.tutorialNinja.qa.testcases.LoginPageTest@22c86919]" started-at="2024-06-18T11:28:20 IST" name="loginPageHeadingTest" finished-at="2024-06-18T11:28:20 IST" duration-ms="58" status="PASS">
          <reporter-output>
          </reporter-output>
        </test-method> <!-- loginPageHeadingTest -->
        <test-method is-config="true" signature="tearDown()[pri:0, instance:com.tutorialNinja.qa.testcases.LoginPageTest@22c86919]" started-at="2024-06-18T11:28:20 IST" name="tearDown" finished-at="2024-06-18T11:28:21 IST" duration-ms="728" status="PASS">
          <reporter-output>
          </reporter-output>
        </test-method> <!-- tearDown -->
        <test-method is-config="true" signature="setup()[pri:0, instance:com.tutorialNinja.qa.testcases.LoginPageTest@22c86919]" started-at="2024-06-18T11:28:21 IST" name="setup" finished-at="2024-06-18T11:28:26 IST" duration-ms="4765" status="PASS">
          <reporter-output>
          </reporter-output>
        </test-method> <!-- setup -->
        <test-method signature="loginTest()[pri:3, instance:com.tutorialNinja.qa.testcases.LoginPageTest@22c86919]" started-at="2024-06-18T11:28:26 IST" name="loginTest" finished-at="2024-06-18T11:28:27 IST" duration-ms="1004" status="PASS">
          <reporter-output>
          </reporter-output>
        </test-method> <!-- loginTest -->
        <test-method is-config="true" signature="tearDown()[pri:0, instance:com.tutorialNinja.qa.testcases.LoginPageTest@22c86919]" started-at="2024-06-18T11:28:27 IST" name="tearDown" finished-at="2024-06-18T11:28:27 IST" duration-ms="442" status="PASS">
          <reporter-output>
          </reporter-output>
        </test-method> <!-- tearDown -->
      </class> <!-- com.tutorialNinja.qa.testcases.LoginPageTest -->
      <class name="com.tutorialNinja.qa.testcases.HomePageTest">
        <test-method is-config="true" signature="setup()[pri:0, instance:com.tutorialNinja.qa.testcases.HomePageTest@72b16078]" started-at="2024-06-18T11:27:54 IST" name="setup" finished-at="2024-06-18T11:27:58 IST" duration-ms="4047" status="PASS">
          <reporter-output>
          </reporter-output>
        </test-method> <!-- setup -->
        <test-method signature="homePageTitleTest()[pri:1, instance:com.tutorialNinja.qa.testcases.HomePageTest@72b16078]" started-at="2024-06-18T11:27:58 IST" name="homePageTitleTest" finished-at="2024-06-18T11:27:59 IST" duration-ms="43" status="PASS">
          <reporter-output>
          </reporter-output>
        </test-method> <!-- homePageTitleTest -->
        <test-method is-config="true" signature="tearDown()[pri:0, instance:com.tutorialNinja.qa.testcases.HomePageTest@72b16078]" started-at="2024-06-18T11:27:59 IST" name="tearDown" finished-at="2024-06-18T11:28:00 IST" duration-ms="1254" status="PASS">
          <reporter-output>
          </reporter-output>
        </test-method> <!-- tearDown -->
        <test-method is-config="true" signature="setup()[pri:0, instance:com.tutorialNinja.qa.testcases.HomePageTest@72b16078]" started-at="2024-06-18T11:28:00 IST" name="setup" finished-at="2024-06-18T11:28:03 IST" duration-ms="3134" status="PASS">
          <reporter-output>
          </reporter-output>
        </test-method> <!-- setup -->
        <test-method signature="registerPageNavigationTest()[pri:2, instance:com.tutorialNinja.qa.testcases.HomePageTest@72b16078]" started-at="2024-06-18T11:28:03 IST" name="registerPageNavigationTest" finished-at="2024-06-18T11:28:03 IST" duration-ms="506" status="PASS">
          <reporter-output>
          </reporter-output>
        </test-method> <!-- registerPageNavigationTest -->
        <test-method is-config="true" signature="tearDown()[pri:0, instance:com.tutorialNinja.qa.testcases.HomePageTest@72b16078]" started-at="2024-06-18T11:28:03 IST" name="tearDown" finished-at="2024-06-18T11:28:04 IST" duration-ms="383" status="PASS">
          <reporter-output>
          </reporter-output>
        </test-method> <!-- tearDown -->
        <test-method is-config="true" signature="setup()[pri:0, instance:com.tutorialNinja.qa.testcases.HomePageTest@72b16078]" started-at="2024-06-18T11:28:04 IST" name="setup" finished-at="2024-06-18T11:28:09 IST" duration-ms="4790" status="PASS">
          <reporter-output>
          </reporter-output>
        </test-method> <!-- setup -->
        <test-method signature="loginPageNavigationTest()[pri:3, instance:com.tutorialNinja.qa.testcases.HomePageTest@72b16078]" started-at="2024-06-18T11:28:09 IST" name="loginPageNavigationTest" finished-at="2024-06-18T11:28:11 IST" duration-ms="1946" status="PASS">
          <reporter-output>
          </reporter-output>
        </test-method> <!-- loginPageNavigationTest -->
        <test-method is-config="true" signature="tearDown()[pri:0, instance:com.tutorialNinja.qa.testcases.HomePageTest@72b16078]" started-at="2024-06-18T11:28:11 IST" name="tearDown" finished-at="2024-06-18T11:28:11 IST" duration-ms="688" status="PASS">
          <reporter-output>
          </reporter-output>
        </test-method> <!-- tearDown -->
      </class> <!-- com.tutorialNinja.qa.testcases.HomePageTest -->
      <class name="com.tutorialNinja.qa.testcases.EditAccountPageTest">
        <test-method is-config="true" signature="setup()[pri:0, instance:com.tutorialNinja.qa.testcases.EditAccountPageTest@72e34f77]" started-at="2024-06-18T11:27:07 IST" name="setup" finished-at="2024-06-18T11:27:16 IST" duration-ms="9106" status="PASS">
          <reporter-output>
          </reporter-output>
        </test-method> <!-- setup -->
        <test-method signature="editAccountPageTitleTest()[pri:1, instance:com.tutorialNinja.qa.testcases.EditAccountPageTest@72e34f77]" started-at="2024-06-18T11:27:16 IST" name="editAccountPageTitleTest" finished-at="2024-06-18T11:27:16 IST" duration-ms="83" status="PASS">
          <reporter-output>
          </reporter-output>
        </test-method> <!-- editAccountPageTitleTest -->
        <test-method is-config="true" signature="tearDown()[pri:0, instance:com.tutorialNinja.qa.testcases.EditAccountPageTest@72e34f77]" started-at="2024-06-18T11:27:16 IST" name="tearDown" finished-at="2024-06-18T11:27:17 IST" duration-ms="764" status="PASS">
          <reporter-output>
          </reporter-output>
        </test-method> <!-- tearDown -->
        <test-method is-config="true" signature="setup()[pri:0, instance:com.tutorialNinja.qa.testcases.EditAccountPageTest@72e34f77]" started-at="2024-06-18T11:27:17 IST" name="setup" finished-at="2024-06-18T11:27:24 IST" duration-ms="6499" status="PASS">
          <reporter-output>
          </reporter-output>
        </test-method> <!-- setup -->
        <test-method signature="editAccountPageHeadingTest()[pri:2, instance:com.tutorialNinja.qa.testcases.EditAccountPageTest@72e34f77]" started-at="2024-06-18T11:27:24 IST" name="editAccountPageHeadingTest" finished-at="2024-06-18T11:27:24 IST" duration-ms="53" status="PASS">
          <reporter-output>
          </reporter-output>
        </test-method> <!-- editAccountPageHeadingTest -->
        <test-method is-config="true" signature="tearDown()[pri:0, instance:com.tutorialNinja.qa.testcases.EditAccountPageTest@72e34f77]" started-at="2024-06-18T11:27:24 IST" name="tearDown" finished-at="2024-06-18T11:27:24 IST" duration-ms="460" status="PASS">
          <reporter-output>
          </reporter-output>
        </test-method> <!-- tearDown -->
        <test-method is-config="true" signature="setup()[pri:0, instance:com.tutorialNinja.qa.testcases.EditAccountPageTest@72e34f77]" started-at="2024-06-18T11:27:25 IST" name="setup" finished-at="2024-06-18T11:27:32 IST" duration-ms="6363" status="PASS">
          <reporter-output>
          </reporter-output>
        </test-method> <!-- setup -->
        <test-method signature="editAccountInfo(java.lang.String,java.lang.String,java.lang.String,java.lang.String)[pri:3, instance:com.tutorialNinja.qa.testcases.EditAccountPageTest@72e34f77]" started-at="2024-06-18T11:27:32 IST" name="editAccountInfo" data-provider="getNinjaEditPrfTestData" finished-at="2024-06-18T11:27:33 IST" duration-ms="1566" status="PASS">
          <params>
            <param index="0">
              <value>
                <![CDATA[FnameUpd]]>
              </value>
            </param>
            <param index="1">
              <value>
                <![CDATA[LnameUpd]]>
              </value>
            </param>
            <param index="2">
              <value>
                <![CDATA[veenalotest3+1@gmail.com]]>
              </value>
            </param>
            <param index="3">
              <value>
                <![CDATA[1234566.0]]>
              </value>
            </param>
          </params>
          <reporter-output>
          </reporter-output>
        </test-method> <!-- editAccountInfo -->
        <test-method is-config="true" signature="tearDown()[pri:0, instance:com.tutorialNinja.qa.testcases.EditAccountPageTest@72e34f77]" started-at="2024-06-18T11:27:33 IST" name="tearDown" finished-at="2024-06-18T11:27:34 IST" duration-ms="553" status="PASS">
          <reporter-output>
          </reporter-output>
        </test-method> <!-- tearDown -->
        <test-method is-config="true" signature="setup()[pri:0, instance:com.tutorialNinja.qa.testcases.EditAccountPageTest@72e34f77]" started-at="2024-06-18T11:27:34 IST" name="setup" finished-at="2024-06-18T11:27:41 IST" duration-ms="7112" status="PASS">
          <reporter-output>
          </reporter-output>
        </test-method> <!-- setup -->
        <test-method signature="logoutFromAccnt()[pri:4, instance:com.tutorialNinja.qa.testcases.EditAccountPageTest@72e34f77]" started-at="2024-06-18T11:27:41 IST" name="logoutFromAccnt" finished-at="2024-06-18T11:27:51 IST" duration-ms="9520" status="PASS">
          <reporter-output>
          </reporter-output>
        </test-method> <!-- logoutFromAccnt -->
        <test-method is-config="true" signature="tearDown()[pri:0, instance:com.tutorialNinja.qa.testcases.EditAccountPageTest@72e34f77]" started-at="2024-06-18T11:27:51 IST" name="tearDown" finished-at="2024-06-18T11:27:54 IST" duration-ms="3758" status="PASS">
          <reporter-output>
          </reporter-output>
        </test-method> <!-- tearDown -->
      </class> <!-- com.tutorialNinja.qa.testcases.EditAccountPageTest -->
      <class name="com.tutorialNinja.qa.testcases.RegistrationPageTest">
        <test-method is-config="true" signature="setup()[pri:0, instance:com.tutorialNinja.qa.testcases.RegistrationPageTest@1b0a7baf]" started-at="2024-06-18T11:28:43 IST" name="setup" finished-at="2024-06-18T11:28:46 IST" duration-ms="3279" status="PASS">
          <reporter-output>
          </reporter-output>
        </test-method> <!-- setup -->
        <test-method signature="registerPageTitleTest()[pri:1, instance:com.tutorialNinja.qa.testcases.RegistrationPageTest@1b0a7baf]" started-at="2024-06-18T11:28:46 IST" name="registerPageTitleTest" finished-at="2024-06-18T11:28:46 IST" duration-ms="14" status="PASS">
          <reporter-output>
          </reporter-output>
        </test-method> <!-- registerPageTitleTest -->
        <test-method is-config="true" signature="tearDown()[pri:0, instance:com.tutorialNinja.qa.testcases.RegistrationPageTest@1b0a7baf]" started-at="2024-06-18T11:28:46 IST" name="tearDown" finished-at="2024-06-18T11:28:47 IST" duration-ms="535" status="PASS">
          <reporter-output>
          </reporter-output>
        </test-method> <!-- tearDown -->
        <test-method is-config="true" signature="setup()[pri:0, instance:com.tutorialNinja.qa.testcases.RegistrationPageTest@1b0a7baf]" started-at="2024-06-18T11:28:47 IST" name="setup" finished-at="2024-06-18T11:28:50 IST" duration-ms="3357" status="PASS">
          <reporter-output>
          </reporter-output>
        </test-method> <!-- setup -->
        <test-method signature="validateCreateNewAccnt(java.lang.String,java.lang.String,java.lang.String,java.lang.String,java.lang.String,java.lang.String)[pri:2, instance:com.tutorialNinja.qa.testcases.RegistrationPageTest@1b0a7baf]" started-at="2024-06-18T11:28:50 IST" name="validateCreateNewAccnt" data-provider="getNinjaTestData" finished-at="2024-06-18T11:28:51 IST" duration-ms="1108" status="PASS">
          <params>
            <param index="0">
              <value>
                <![CDATA[Fname]]>
              </value>
            </param>
            <param index="1">
              <value>
                <![CDATA[Lname]]>
              </value>
            </param>
            <param index="2">
              <value>
                <![CDATA[flname6724@gmail.com]]>
              </value>
            </param>
            <param index="3">
              <value>
                <![CDATA[9.900990099E9]]>
              </value>
            </param>
            <param index="4">
              <value>
                <![CDATA[Flname@123]]>
              </value>
            </param>
            <param index="5">
              <value>
                <![CDATA[Flname@123]]>
              </value>
            </param>
          </params>
          <reporter-output>
          </reporter-output>
        </test-method> <!-- validateCreateNewAccnt -->
        <test-method is-config="true" signature="tearDown()[pri:0, instance:com.tutorialNinja.qa.testcases.RegistrationPageTest@1b0a7baf]" started-at="2024-06-18T11:28:51 IST" name="tearDown" finished-at="2024-06-18T11:28:52 IST" duration-ms="365" status="PASS">
          <reporter-output>
          </reporter-output>
        </test-method> <!-- tearDown -->
        <test-method is-config="true" signature="setup()[pri:0, instance:com.tutorialNinja.qa.testcases.RegistrationPageTest@1b0a7baf]" started-at="2024-06-18T11:28:52 IST" name="setup" finished-at="2024-06-18T11:28:55 IST" duration-ms="3628" status="PASS">
          <reporter-output>
          </reporter-output>
        </test-method> <!-- setup -->
        <test-method signature="validateCreateNewAccnt(java.lang.String,java.lang.String,java.lang.String,java.lang.String,java.lang.String,java.lang.String)[pri:2, instance:com.tutorialNinja.qa.testcases.RegistrationPageTest@1b0a7baf]" started-at="2024-06-18T11:28:55 IST" name="validateCreateNewAccnt" data-provider="getNinjaTestData" finished-at="2024-06-18T11:28:56 IST" duration-ms="1150" status="PASS">
          <params>
            <param index="0">
              <value>
                <![CDATA[Fname1]]>
              </value>
            </param>
            <param index="1">
              <value>
                <![CDATA[Lname1]]>
              </value>
            </param>
            <param index="2">
              <value>
                <![CDATA[flname16724@gmail.com]]>
              </value>
            </param>
            <param index="3">
              <value>
                <![CDATA[9.900990098E9]]>
              </value>
            </param>
            <param index="4">
              <value>
                <![CDATA[Flname@123]]>
              </value>
            </param>
            <param index="5">
              <value>
                <![CDATA[Flname@123]]>
              </value>
            </param>
          </params>
          <reporter-output>
          </reporter-output>
        </test-method> <!-- validateCreateNewAccnt -->
        <test-method is-config="true" signature="tearDown()[pri:0, instance:com.tutorialNinja.qa.testcases.RegistrationPageTest@1b0a7baf]" started-at="2024-06-18T11:28:57 IST" name="tearDown" finished-at="2024-06-18T11:28:57 IST" duration-ms="374" status="PASS">
          <reporter-output>
          </reporter-output>
        </test-method> <!-- tearDown -->
      </class> <!-- com.tutorialNinja.qa.testcases.RegistrationPageTest -->
    </test> <!-- Surefire test -->
  </suite> <!-- Surefire suite -->
</testng-results>
