<?xml version="1.0" encoding="UTF-8"?>
<testsuite xmlns:xsi="http://www.w3.org/2001/XMLSchema-instance" xsi:noNamespaceSchemaLocation="https://maven.apache.org/surefire/maven-surefire-plugin/xsd/surefire-test-report-3.0.xsd" version="3.0" name="TestSuite" time="113.329" tests="16" errors="0" skipped="0" failures="0">
  <properties>
[...]
</properties>
  <testcase name="editAccountPageTitleTest" classname="com.tutorialNinja.qa.testcases.EditAccountPageTest" time="0.122">
    <system-err><![CDATA[SLF4J: Failed to load class "org.slf4j.impl.StaticLoggerBinder".
SLF4J: Defaulting to no-operation (NOP) logger implementation
SLF4J: See http://www.slf4j.org/codes.html#StaticLoggerBinder for further details.
]]></system-err>
  </testcase>
  <testcase name="editAccountPageHeadingTest" classname="com.tutorialNinja.qa.testcases.EditAccountPageTest" time="0.056"/>
  <testcase name="editAccountInfo[FnameUpd, LnameUpd, veenalotest3+1@gmail.com, 1234566.0](1)" classname="com.tutorialNinja.qa.testcases.EditAccountPageTest" time="1.574"/>
  <testcase name="logoutFromAccnt" classname="com.tutorialNinja.qa.testcases.EditAccountPageTest" time="9.532"/>
  <testcase name="homePageTitleTest" classname="com.tutorialNinja.qa.testcases.HomePageTest" time="0.05"/>
  <testcase name="registerPageNavigationTest" classname="com.tutorialNinja.qa.testcases.HomePageTest" time="0.509"/>
  <testcase name="loginPageNavigationTest" classname="com.tutorialNinja.qa.testcases.HomePageTest" time="1.952"/>
  <testcase name="loginPageTitleTest" classname="com.tutorialNinja.qa.testcases.LoginPageTest" time="0.028">
    <system-err><![CDATA[Jun 18, 2024 11:28:11 AM org.openqa.selenium.remote.http.WebSocket$Listener onError
WARNING: An existing connection was forcibly closed by the remote host
java.io.IOException: An existing connection was forcibly closed by the remote host
	at java.base/sun.nio.ch.SocketDispatcher.read0(Native Method)
	at java.base/sun.nio.ch.SocketDispatcher.read(SocketDispatcher.java:43)
	at java.base/sun.nio.ch.IOUtil.readIntoNativeBuffer(IOUtil.java:276)
	at java.base/sun.nio.ch.IOUtil.read(IOUtil.java:245)
	at java.base/sun.nio.ch.IOUtil.read(IOUtil.java:223)
	at java.base/sun.nio.ch.SocketChannelImpl.read(SocketChannelImpl.java:356)
	at java.net.http/jdk.internal.net.http.SocketTube.readAvailable(SocketTube.java:1153)
	at java.net.http/jdk.internal.net.http.SocketTube$InternalReadPublisher$InternalReadSubscription.read(SocketTube.java:821)
	at java.net.http/jdk.internal.net.http.SocketTube$SocketFlowTask.run(SocketTube.java:175)
	at java.net.http/jdk.internal.net.http.common.SequentialScheduler$SchedulableTask.run(SequentialScheduler.java:198)
	at java.net.http/jdk.internal.net.http.common.SequentialScheduler.runOrSchedule(SequentialScheduler.java:271)
	at java.net.http/jdk.internal.net.http.common.SequentialScheduler.runOrSchedule(SequentialScheduler.java:224)
	at java.net.http/jdk.internal.net.http.SocketTube$InternalReadPublisher$InternalReadSubscription.signalReadable(SocketTube.java:763)
	at java.net.http/jdk.internal.net.http.SocketTube$InternalReadPublisher$ReadEvent.signalEvent(SocketTube.java:941)
	at java.net.http/jdk.internal.net.http.SocketTube$SocketFlowEvent.handle(SocketTube.java:245)
	at java.net.http/jdk.internal.net.http.HttpClientImpl$SelectorManager.handleEvent(HttpClientImpl.java:957)
	at java.net.http/jdk.internal.net.http.HttpClientImpl$SelectorManager.lambda$run$3(HttpClientImpl.java:912)
	at java.base/java.util.ArrayList.forEach(ArrayList.java:1541)
	at java.net.http/jdk.internal.net.http.HttpClientImpl$SelectorManager.run(HttpClientImpl.java:912)

]]></system-err>
  </testcase>
  <testcase name="loginPageHeadingTest" classname="com.tutorialNinja.qa.testcases.LoginPageTest" time="0.064"/>
  <testcase name="loginTest" classname="com.tutorialNinja.qa.testcases.LoginPageTest" time="1.01"/>
  <testcase name="myAccountPageTitleTest" classname="com.tutorialNinja.qa.testcases.MyAccountPageTest" time="0.021"/>
  <testcase name="myAccountPageHeadingTest" classname="com.tutorialNinja.qa.testcases.MyAccountPageTest" time="0.095"/>
  <testcase name="editAccountPage" classname="com.tutorialNinja.qa.testcases.MyAccountPageTest" time="0.337"/>
  <testcase name="registerPageTitleTest" classname="com.tutorialNinja.qa.testcases.RegistrationPageTest" time="0.019"/>
  <testcase name="validateCreateNewAccnt[Fname, Lname, flname6724@gmail.com, 9.900990099E9, Flname@123, Flname@123](1)" classname="com.tutorialNinja.qa.testcases.RegistrationPageTest" time="1.112"/>
  <testcase name="validateCreateNewAccnt[Fname1, Lname1, flname16724@gmail.com, 9.900990098E9, Flname@123, Flname@123](2)" classname="com.tutorialNinja.qa.testcases.RegistrationPageTest" time="1.166"/>
</testsuite>